<?xml version="1.0" encoding="UTF-8"?>
<testng-results skipped="0" failed="0" ignored="0" total="1" passed="1">
  <reporter-output>
  </reporter-output>
  <suite name="Default suite" duration-ms="20209" started-at="2021-10-28T15:23:51Z" finished-at="2021-10-28T15:24:11Z">
    <groups>
    </groups>
    <test name="Default test" duration-ms="20209" started-at="2021-10-28T15:23:51Z" finished-at="2021-10-28T15:24:11Z">
      <class name="PipelineTest.S14NavigatorDemo">
        <test-method status="PASS" signature="WD()[pri:0, instance:PipelineTest.S14NavigatorDemo@7adda9cc]" name="WD" duration-ms="20159" started-at="2021-10-28T15:23:51Z" finished-at="2021-10-28T15:24:11Z">
          <reporter-output>
          </reporter-output>
        </test-method> <!-- WD -->
      </class> <!-- PipelineTest.S14NavigatorDemo -->
    </test> <!-- Default test -->
  </suite> <!-- Default suite -->
</testng-results>
